<?xml version="1.0" encoding="UTF-8"?>
<!-- Generated by org.testng.reporters.JUnitXMLReporter -->
<testsuite ignored="0" hostname="DESKTOP-BIB7V58" failures="1" tests="7" name="Default test" time="122.367" errors="0" timestamp="2025-03-05T17:59:58 IST">
  <testcase classname="TC05_MyAccount" name="validateUserIsAbleToGetAddressPage" time="9.949"/>
  <testcase classname="TC05_MyAccount" name="validateUserIsAbleToGetChangePasswordPage" time="9.919"/>
  <testcase classname="TC05_MyAccount" name="validateUserIsAbleToGetEditProfilePage" time="11.311">
    <failure type="org.opentest4j.AssertionFailedError" message="Locator expected to have CSS property &amp;apos;background-color&amp;apos;: rgb(14, 186, 197)
Received: rgb(255, 255, 255)

Call log:
  - Locator.expect with timeout 5000ms
  - waiting for getByText(&amp;quot;Edit Account&amp;quot;)
    3 × locator resolved to &amp;lt;a class=&amp;quot;list-group-item&amp;quot; href=&amp;quot;https://ecommerce-playground.lambdatest.io/index.php?route=account/edit&amp;quot;&amp;gt;…&amp;lt;/a&amp;gt;
      - unexpected value &amp;quot;rgb(255, 255, 255)&amp;quot;">
      <![CDATA[org.opentest4j.AssertionFailedError: Locator expected to have CSS property 'background-color': rgb(14, 186, 197)
Received: rgb(255, 255, 255)

Call log:
  - Locator.expect with timeout 5000ms
  - waiting for getByText("Edit Account")
    3 × locator resolved to <a class="list-group-item" href="https://ecommerce-playground.lambdatest.io/index.php?route=account/edit">…</a>
      - unexpected value "rgb(255, 255, 255)"
at com.microsoft.playwright.impl.AssertionsBase.expectImpl(AssertionsBase.java:74)
at com.microsoft.playwright.impl.AssertionsBase.expectImpl(AssertionsBase.java:51)
at com.microsoft.playwright.impl.AssertionsBase.expectImpl(AssertionsBase.java:42)
at com.microsoft.playwright.impl.LocatorAssertionsImpl.hasCSS(LocatorAssertionsImpl.java:212)
at com.microsoft.playwright.impl.LocatorAssertionsImpl.hasCSS(LocatorAssertionsImpl.java:193)
at com.microsoft.playwright.assertions.LocatorAssertions.hasCSS(LocatorAssertions.java:1537)
at generalLib.UtilityMethod.isHighlighted(UtilityMethod.java:48)
at TC05_MyAccount.validateUserIsAbleToGetEditProfilePage(TC05_MyAccount.java:46)
at java.base/jdk.internal.reflect.NativeMethodAccessorImpl.invoke0(Native Method)
at java.base/jdk.internal.reflect.NativeMethodAccessorImpl.invoke(NativeMethodAccessorImpl.java:77)
at java.base/jdk.internal.reflect.DelegatingMethodAccessorImpl.invoke(DelegatingMethodAccessorImpl.java:43)
at java.base/java.lang.reflect.Method.invoke(Method.java:568)
at org.testng.internal.MethodInvocationHelper.invokeMethod(MethodInvocationHelper.java:133)
at org.testng.internal.TestInvoker.invokeMethod(TestInvoker.java:598)
at org.testng.internal.TestInvoker.invokeTestMethod(TestInvoker.java:173)
at org.testng.internal.MethodRunner.runInSequence(MethodRunner.java:46)
at org.testng.internal.TestInvoker$MethodInvocationAgent.invoke(TestInvoker.java:824)
at org.testng.internal.TestInvoker.invokeTestMethods(TestInvoker.java:146)
at org.testng.internal.TestMethodWorker.invokeTestMethods(TestMethodWorker.java:146)
at org.testng.internal.TestMethodWorker.run(TestMethodWorker.java:128)
at java.base/java.util.ArrayList.forEach(ArrayList.java:1511)
at org.testng.TestRunner.privateRun(TestRunner.java:794)
at org.testng.TestRunner.run(TestRunner.java:596)
at org.testng.SuiteRunner.runTest(SuiteRunner.java:377)
at org.testng.SuiteRunner.runSequentially(SuiteRunner.java:371)
at org.testng.SuiteRunner.privateRun(SuiteRunner.java:332)
at org.testng.SuiteRunner.run(SuiteRunner.java:276)
at org.testng.SuiteRunnerWorker.runSuite(SuiteRunnerWorker.java:53)
at org.testng.SuiteRunnerWorker.run(SuiteRunnerWorker.java:96)
at org.testng.TestNG.runSuitesSequentially(TestNG.java:1212)
at org.testng.TestNG.runSuitesLocally(TestNG.java:1134)
at org.testng.TestNG.runSuites(TestNG.java:1063)
at org.testng.TestNG.run(TestNG.java:1031)
at org.testng.remote.AbstractRemoteTestNG.run(AbstractRemoteTestNG.java:115)
at org.testng.remote.RemoteTestNG.initAndRun(RemoteTestNG.java:251)
at org.testng.remote.RemoteTestNG.main(RemoteTestNG.java:77)
]]>
    </failure>
  </testcase> <!-- validateUserIsAbleToGetEditProfilePage -->
  <testcase classname="TC05_MyAccount" name="validateUserIsAbleToGetMyAccountPage" time="7.964"/>
  <testcase classname="TC05_MyAccount" name="validateUserIsAbleToGetOrderHistoryPage" time="11.77"/>
  <testcase classname="TC05_MyAccount" name="validateUserIsAbleToGetWishlistPage" time="8.987"/>
  <testcase classname="TC05_MyAccount" name="validateUserIsAbleToLogout" time="8.063"/>
</testsuite> <!-- Default test -->
