<?xml version="1.0" encoding="UTF-8"?>
<testng-results ignored="0" total="1" passed="1" failed="0" skipped="0">
  <reporter-output>
  </reporter-output>
  <suite started-at="2025-03-12T16:11:41 IST" name="Default suite" finished-at="2025-03-12T16:12:14 IST" duration-ms="32682">
    <groups>
    </groups>
    <test started-at="2025-03-12T16:11:41 IST" name="Default test" finished-at="2025-03-12T16:12:14 IST" duration-ms="32682">
      <class name="TC08_AddAddress">
        <test-method is-config="true" signature="launchBrowser()[pri:0, instance:TC08_AddAddress@6cfe32cd]" started-at="2025-03-12T16:11:41 IST" name="launchBrowser" finished-at="2025-03-12T16:11:48 IST" duration-ms="6391" status="PASS">
          <reporter-output>
          </reporter-output>
        </test-method> <!-- launchBrowser -->
        <test-method is-config="true" signature="OpenContextandPage()[pri:0, instance:TC08_AddAddress@6cfe32cd]" started-at="2025-03-12T16:11:48 IST" name="OpenContextandPage" finished-at="2025-03-12T16:12:00 IST" duration-ms="11965" status="PASS">
          <reporter-output>
          </reporter-output>
        </test-method> <!-- OpenContextandPage -->
        <test-method signature="validateUserIsAbleToAddNewAddress_withValidData()[pri:0, instance:TC08_AddAddress@6cfe32cd]" started-at="2025-03-12T16:12:00 IST" name="validateUserIsAbleToAddNewAddress_withValidData" finished-at="2025-03-12T16:12:13 IST" duration-ms="13401" status="PASS">
          <reporter-output>
          </reporter-output>
        </test-method> <!-- validateUserIsAbleToAddNewAddress_withValidData -->
        <test-method is-config="true" signature="closeContextandPage()[pri:0, instance:TC08_AddAddress@6cfe32cd]" started-at="2025-03-12T16:12:13 IST" name="closeContextandPage" finished-at="2025-03-12T16:12:14 IST" duration-ms="478" status="PASS">
          <reporter-output>
          </reporter-output>
        </test-method> <!-- closeContextandPage -->
        <test-method is-config="true" signature="closeBrowser()[pri:0, instance:TC08_AddAddress@6cfe32cd]" started-at="2025-03-12T16:12:14 IST" name="closeBrowser" finished-at="2025-03-12T16:12:14 IST" duration-ms="332" status="PASS">
          <reporter-output>
          </reporter-output>
        </test-method> <!-- closeBrowser -->
      </class> <!-- TC08_AddAddress -->
    </test> <!-- Default test -->
  </suite> <!-- Default suite -->
</testng-results>
