<?xml version="1.0" encoding="UTF-8"?>
<testng-results ignored="0" total="1" passed="1" failed="0" skipped="0">
  <reporter-output>
  </reporter-output>
  <suite started-at="2025-03-13T15:58:42 IST" name="Default suite" finished-at="2025-03-13T15:59:10 IST" duration-ms="28134">
    <groups>
    </groups>
    <test started-at="2025-03-13T15:58:42 IST" name="Default test" finished-at="2025-03-13T15:59:10 IST" duration-ms="28134">
      <class name="TC09_EditDeleteAddress">
        <test-method is-config="true" signature="launchBrowser()[pri:0, instance:TC09_EditDeleteAddress@6cfe32cd]" started-at="2025-03-13T15:58:42 IST" name="launchBrowser" finished-at="2025-03-13T15:58:51 IST" duration-ms="9770" status="PASS">
          <reporter-output>
          </reporter-output>
        </test-method> <!-- launchBrowser -->
        <test-method is-config="true" signature="OpenContextandPage()[pri:0, instance:TC09_EditDeleteAddress@6cfe32cd]" started-at="2025-03-13T15:58:51 IST" name="OpenContextandPage" finished-at="2025-03-13T15:58:56 IST" duration-ms="4764" status="PASS">
          <reporter-output>
          </reporter-output>
        </test-method> <!-- OpenContextandPage -->
        <test-method signature="validateUserIsUnableToDeleteAddress_IfOnlyOneAvailable()[pri:0, instance:TC09_EditDeleteAddress@6cfe32cd]" started-at="2025-03-13T15:58:56 IST" name="validateUserIsUnableToDeleteAddress_IfOnlyOneAvailable" finished-at="2025-03-13T15:59:09 IST" duration-ms="12464" status="PASS">
          <reporter-output>
          </reporter-output>
        </test-method> <!-- validateUserIsUnableToDeleteAddress_IfOnlyOneAvailable -->
        <test-method is-config="true" signature="closeContextandPage()[pri:0, instance:TC09_EditDeleteAddress@6cfe32cd]" started-at="2025-03-13T15:59:09 IST" name="closeContextandPage" finished-at="2025-03-13T15:59:09 IST" duration-ms="711" status="PASS">
          <reporter-output>
          </reporter-output>
        </test-method> <!-- closeContextandPage -->
        <test-method is-config="true" signature="closeBrowser()[pri:0, instance:TC09_EditDeleteAddress@6cfe32cd]" started-at="2025-03-13T15:59:09 IST" name="closeBrowser" finished-at="2025-03-13T15:59:10 IST" duration-ms="360" status="PASS">
          <reporter-output>
          </reporter-output>
        </test-method> <!-- closeBrowser -->
      </class> <!-- TC09_EditDeleteAddress -->
    </test> <!-- Default test -->
  </suite> <!-- Default suite -->
</testng-results>
